[Strings]
AppID=Hex-8.0.0
AdminRights=
1=Uninstall Hex 8.0.0
2=Installation package not found in selected folder.
3=You need to have administrative rights on this computer to uninstall or repair this application.
10=Removing file %s
11=Removing registry entry %s
12=Removing registry key %s
13=Removing ini parameter from file %s
14=Removing shortcut %s
15=Removing folder %s
16=Unregistering server %s
17=Unregistering font %s
18=Checking shared file %s
19=Removing assembly %s
20=Removing environment variable %s

[Display]
Charset=0
ForceRemoveDataFiles=
DialogFont=
TitleFont=
SubtitleFont=
ProgressColor=
ShowTitle=
ShowSubtitle=

[Dialog.DLG_START]
Caption=Uninstall Program for Hex 8.0.0
101=< Back
102=Next >
103=Cancel
104=Ghost Installer Maintenance mode
105=Please select one of the following options below.
106=Uninstall Hex 8.0.0
107=Repair Hex 8.0.0
109=Select this option to remove Hex 8.0.0 and all its components from your computer.
110=Select this option to repair Hex 8.0.0. This option will reinstall the program with exactly the same components that were installed first time.

[Dialog.DLG_BEFOREUNINSTALL]
Caption=Uninstall Program for Hex 8.0.0
Title=Uninstall for Hex 8.0.0
Subtitle=This program will remove Hex 8.0.0 and all its components from this computer.
101=< Back
102=Next >
103=Cancel
104=Are you sure you want to completely remove the Hex 8.0.0 and all its components from your computer?||||To confirm the removal process press Next button.||||WARNING!  Be careful the uninstaller may also delete Hex 8.0.0 settings and data directories. Please backup the data which is stored in subdirectories of Hex 8.0.0.
105=Remove data files and folders created by Hex 8.0.0

[Dialog.DLG_UNINSTALL]
Caption=Uninstall Program for Hex 8.0.0
Title=Uninstall Progress
Subtitle=
101=< Back
102=Next >
103=Cancel
104=Uninstall actions proceeded:
200=Preparing uninstall
201=Uninstalling shortcuts
202=Uninstalling registry entries
203=Unregistering fonts
204=Unregistering COM servers
205=Removing files and folders
206=Finishing uninstall

[Dialog.DLG_UNINSTALLSUCCEEDED]
Caption=Uninstall Program for Hex 8.0.0
Title=Uninstall Succeeded
Subtitle=
102=Finish
104=Ghost Installer successfully removed Hex 8.0.0 and all its components from your computer.||||||Click on the Finish dialog button to exit the uninstallation process.

[Dialog.DLG_BEFOREREPAIR]
Caption=Uninstall Program for Hex 8.0.0
Title=Repair for Hex 8.0.0
Subtitle=This program will try to repair Hex 8.0.0.
101=< Back
102=Next >
103=Cancel
104=To confirm the repair process press Next button.||||ATTENTION!  Be careful the repair process may also reset Hex 8.0.0 settings. Please backup the data which is stored in subdirectories of Hex 8.0.0.

[Dialog.DLG_BROWSEFORSETUP]
Caption=Uninstall Program for Hex 8.0.0
Title=Browse for Packages
Subtitle=
101=< Back
102=Next >
103=Cancel
104=Ghost Installer Maintenance could not locate installation package for Hex 8.0.0. This package is required to repair your application. Please specify a location for this package.
105=Search for package in:
107=Browse...
200=Browse for Packages
201=Select folder with installation package.

[Dialog.DLG_DELSHARED]
Caption=Remove shared file?
101=The system indicates that the following shared file is no longer used by any programs.  If any programs are still using this file and it is removed, those programs may not function.  Are you sure you want to remove the shared file?||||Leaving this file will not harm your system.  If you are not sure what to do, it is suggested that you choose not to remove this shared component.
103=File name:
105=Located in:
107=Yes
108=Yes to all
109=No
110=No to all

[Dialog.DLG_REBOOT]
Caption=Uninstall Program for Hex 8.0.0
Title=Computer Restart
Subtitle=Uninstallation procedure needs to restart your system to remove application completely.
101=< Back
102=Next >
103=Cancel
104=Some components were not removed completely. For finishing uninstallation it is necessary to reboot your computer.
105=Yes, reboot my computer now
106=No, I'll reboot my computer later

[SharedFiles]
C:\Program Files (x86)\Hex 8.0.0\Uninstall.exe=

[CreateKeys]
HKLM\SOFTWARE\Microsoft\Windows\CurrentVersion\Uninstall\Hex-8.0.0=

[CreateDirs]
C:\Program Files (x86)\Hex 8.0.0=
C:\Program Files (x86)\Hex 8.0.0\bin=
C:\Program Files (x86)\Hex 8.0.0\cache=
C:\Program Files (x86)\Hex 8.0.0\data=
C:\Program Files (x86)\Hex 8.0.0\doc=
C:\Program Files (x86)\Hex 8.0.0\examples=
C:\Program Files (x86)\Hex 8.0.0\exe=
C:\Program Files (x86)\Hex 8.0.0\pipes=
C:\Users\shaun\AppData\Roaming\Microsoft\Windows\Start Menu\Programs\Hex 8.0.0=

[CopyFiles]
C:\Program Files (x86)\Hex 8.0.0\licence=
C:\Program Files (x86)\Hex 8.0.0\bin\hex=
C:\Program Files (x86)\Hex 8.0.0\bin\hex_bfactor=
C:\Program Files (x86)\Hex 8.0.0\bin\hex_browser=
C:\Program Files (x86)\Hex 8.0.0\bin\hex_chain=
C:\Program Files (x86)\Hex 8.0.0\bin\hex_close=
C:\Program Files (x86)\Hex 8.0.0\bin\hex_delta=
C:\Program Files (x86)\Hex 8.0.0\bin\hex_ent2pdb=
C:\Program Files (x86)\Hex 8.0.0\bin\hex_extract=
C:\Program Files (x86)\Hex 8.0.0\bin\hex_gap=
C:\Program Files (x86)\Hex 8.0.0\bin\hex_gunzip_pdb=
C:\Program Files (x86)\Hex 8.0.0\bin\hex_ipcrm=
C:\Program Files (x86)\Hex 8.0.0\bin\hex_kill=
C:\Program Files (x86)\Hex 8.0.0\bin\hex_model_delta=
C:\Program Files (x86)\Hex 8.0.0\bin\hex_model_split=
C:\Program Files (x86)\Hex 8.0.0\bin\hex_pdb2md5=
C:\Program Files (x86)\Hex 8.0.0\bin\hex_pdb_split=
C:\Program Files (x86)\Hex 8.0.0\bin\hex_resequence=
C:\Program Files (x86)\Hex 8.0.0\bin\hex_sdf_split=
C:\Program Files (x86)\Hex 8.0.0\bin\hex_select=
C:\Program Files (x86)\Hex 8.0.0\bin\hex_setup.bin=
C:\Program Files (x86)\Hex 8.0.0\bin\hex_setup_old.bin=
C:\Program Files (x86)\Hex 8.0.0\bin\hex_shift=
C:\Program Files (x86)\Hex 8.0.0\bin\hex_strip_hydrogens=
C:\Program Files (x86)\Hex 8.0.0\bin\run_hex=
C:\Program Files (x86)\Hex 8.0.0\cache\README_CACHE.txt=
C:\Program Files (x86)\Hex 8.0.0\data\atom_bonds.dat=
C:\Program Files (x86)\Hex 8.0.0\data\atom_colours.dat=
C:\Program Files (x86)\Hex 8.0.0\data\atom_data.dat=
C:\Program Files (x86)\Hex 8.0.0\data\atom_info-v1.dat=
C:\Program Files (x86)\Hex 8.0.0\data\atom_info.dat=
C:\Program Files (x86)\Hex 8.0.0\data\atom_names.dat=
C:\Program Files (x86)\Hex 8.0.0\data\atom_templates.dat=
C:\Program Files (x86)\Hex 8.0.0\data\atom_types.dat=
C:\Program Files (x86)\Hex 8.0.0\data\chain_colours.dat=
C:\Program Files (x86)\Hex 8.0.0\data\dars_capri.dat=
C:\Program Files (x86)\Hex 8.0.0\data\dars_piper.dat=
C:\Program Files (x86)\Hex 8.0.0\data\DejaVuSerif.ttf=
C:\Program Files (x86)\Hex 8.0.0\data\grid_data.dat=
C:\Program Files (x86)\Hex 8.0.0\data\hbond_data.dat=
C:\Program Files (x86)\Hex 8.0.0\data\Hex.icns=
C:\Program Files (x86)\Hex 8.0.0\data\hex.Xdefaults=
C:\Program Files (x86)\Hex 8.0.0\data\hex128x128.jpg=
C:\Program Files (x86)\Hex 8.0.0\data\hex16x16.jpg=
C:\Program Files (x86)\Hex 8.0.0\data\hex16x16.xpm=
C:\Program Files (x86)\Hex 8.0.0\data\hex22x22.jpg=
C:\Program Files (x86)\Hex 8.0.0\data\hex24x24.bmp=
C:\Program Files (x86)\Hex 8.0.0\data\hex24x24.jpg=
C:\Program Files (x86)\Hex 8.0.0\data\hex24x24.xpm=
C:\Program Files (x86)\Hex 8.0.0\data\hex32x32.jpg=
C:\Program Files (x86)\Hex 8.0.0\data\hex32x32.xpm=
C:\Program Files (x86)\Hex 8.0.0\data\hex48x48.ico=
C:\Program Files (x86)\Hex 8.0.0\data\hex48x48.jpg=
C:\Program Files (x86)\Hex 8.0.0\data\hex48x48.xpm=
C:\Program Files (x86)\Hex 8.0.0\data\hex64x64.jpg=
C:\Program Files (x86)\Hex 8.0.0\data\hex64x64.xpm=
C:\Program Files (x86)\Hex 8.0.0\data\hex72x72.jpg=
C:\Program Files (x86)\Hex 8.0.0\data\hex72x72.xpm=
C:\Program Files (x86)\Hex 8.0.0\data\hex85x67.jpg=
C:\Program Files (x86)\Hex 8.0.0\data\hex85x67.xpm=
C:\Program Files (x86)\Hex 8.0.0\data\hex_black_22x22.jpg=
C:\Program Files (x86)\Hex 8.0.0\data\hex_logo1.jpg=
C:\Program Files (x86)\Hex 8.0.0\data\hex_logo1.raw=
C:\Program Files (x86)\Hex 8.0.0\data\hex_logo2.jpg=
C:\Program Files (x86)\Hex 8.0.0\data\hex_logo2.raw=
C:\Program Files (x86)\Hex 8.0.0\data\hex_small=
C:\Program Files (x86)\Hex 8.0.0\data\make_wcc.mac=
C:\Program Files (x86)\Hex 8.0.0\data\opls_data.dat=
C:\Program Files (x86)\Hex 8.0.0\data\residue_types.dat=
C:\Program Files (x86)\Hex 8.0.0\data\rgb_colours.dat=
C:\Program Files (x86)\Hex 8.0.0\data\startup_v4.mac=
C:\Program Files (x86)\Hex 8.0.0\data\startup_v5.mac=
C:\Program Files (x86)\Hex 8.0.0\doc\3hfl_fv_loaded.jpg=
C:\Program Files (x86)\Hex 8.0.0\doc\3hfl_fv_ly_harmonics.jpg=
C:\Program Files (x86)\Hex 8.0.0\doc\3hfl_fv_ly_vdw.jpg=
C:\Program Files (x86)\Hex 8.0.0\doc\3hfl_perspective.jpg=
C:\Program Files (x86)\Hex 8.0.0\doc\all_hfl_6_L_small.jpg=
C:\Program Files (x86)\Hex 8.0.0\doc\docking_control.jpg=
C:\Program Files (x86)\Hex 8.0.0\doc\docking_diagram.jpg=
C:\Program Files (x86)\Hex 8.0.0\doc\hex_harmonic_8_icon.jpg=
C:\Program Files (x86)\Hex 8.0.0\doc\hex_harmonic_8_icon_full.jpg=
C:\Program Files (x86)\Hex 8.0.0\doc\hex_manual.html=
C:\Program Files (x86)\Hex 8.0.0\doc\hex_manual.pdf=
C:\Program Files (x86)\Hex 8.0.0\doc\hex_manual_logo.jpg=
C:\Program Files (x86)\Hex 8.0.0\doc\Thumbs.db=
C:\Program Files (x86)\Hex 8.0.0\examples\1lza_y.pdb=
C:\Program Files (x86)\Hex 8.0.0\examples\1lza_y_random.pdb=
C:\Program Files (x86)\Hex 8.0.0\examples\2kai.mac=
C:\Program Files (x86)\Hex 8.0.0\examples\2kai.pdb=
C:\Program Files (x86)\Hex 8.0.0\examples\2kai_e.pdb=
C:\Program Files (x86)\Hex 8.0.0\examples\2kai_i.pdb=
C:\Program Files (x86)\Hex 8.0.0\examples\2pka_e.pdb=
C:\Program Files (x86)\Hex 8.0.0\examples\2ptc.col=
C:\Program Files (x86)\Hex 8.0.0\examples\2ptc.mac=
C:\Program Files (x86)\Hex 8.0.0\examples\2ptc.pdb=
C:\Program Files (x86)\Hex 8.0.0\examples\2ptc_e.pdb=
C:\Program Files (x86)\Hex 8.0.0\examples\2ptc_i.pdb=
C:\Program Files (x86)\Hex 8.0.0\examples\2ptc_i_random.pdb=
C:\Program Files (x86)\Hex 8.0.0\examples\2ptc_random.mac=
C:\Program Files (x86)\Hex 8.0.0\examples\2ptn_e.pdb=
C:\Program Files (x86)\Hex 8.0.0\examples\3hfl.col=
C:\Program Files (x86)\Hex 8.0.0\examples\3hfl.mac=
C:\Program Files (x86)\Hex 8.0.0\examples\3hfl.pdb=
C:\Program Files (x86)\Hex 8.0.0\examples\3hfl_45.mac=
C:\Program Files (x86)\Hex 8.0.0\examples\3hfl_fab.pdb=
C:\Program Files (x86)\Hex 8.0.0\examples\3hfl_fv.mac=
C:\Program Files (x86)\Hex 8.0.0\examples\3hfl_fv.pdb=
C:\Program Files (x86)\Hex 8.0.0\examples\3hfl_fv_ly.pdb=
C:\Program Files (x86)\Hex 8.0.0\examples\3hfl_interface.col=
C:\Program Files (x86)\Hex 8.0.0\examples\3hfl_ly.pdb=
C:\Program Files (x86)\Hex 8.0.0\examples\3hfl_ly_random.pdb=
C:\Program Files (x86)\Hex 8.0.0\examples\3hfl_many.mac=
C:\Program Files (x86)\Hex 8.0.0\examples\3hfl_random.mac=
C:\Program Files (x86)\Hex 8.0.0\examples\4pti_i.pdb=
C:\Program Files (x86)\Hex 8.0.0\examples\5pti.pdb=
C:\Program Files (x86)\Hex 8.0.0\examples\5pti_i.pdb=
C:\Program Files (x86)\Hex 8.0.0\examples\chains.col=
C:\Program Files (x86)\Hex 8.0.0\examples\dock_2ptc.mac=
C:\Program Files (x86)\Hex 8.0.0\examples\dock_3hfl.mac=
C:\Program Files (x86)\Hex 8.0.0\examples\dock_3hfl_fv.mac=
C:\Program Files (x86)\Hex 8.0.0\examples\dock_3hfl_fv_short.mac=
C:\Program Files (x86)\Hex 8.0.0\examples\dock_3hfl_progress.mac=
C:\Program Files (x86)\Hex 8.0.0\examples\dock_3hfl_short.mac=
C:\Program Files (x86)\Hex 8.0.0\examples\dock_hfl.mac=
C:\Program Files (x86)\Hex 8.0.0\examples\dock_ptc.mac=
C:\Program Files (x86)\Hex 8.0.0\examples\hfl.mac=
C:\Program Files (x86)\Hex 8.0.0\examples\hfl_random.mac=
C:\Program Files (x86)\Hex 8.0.0\examples\kai.mac=
C:\Program Files (x86)\Hex 8.0.0\examples\make_tm.mac=
C:\Program Files (x86)\Hex 8.0.0\examples\make_wcc.mac=
C:\Program Files (x86)\Hex 8.0.0\examples\match_ptc.mac=
C:\Program Files (x86)\Hex 8.0.0\examples\my_startup_v5.mac=
C:\Program Files (x86)\Hex 8.0.0\examples\ptc.mac=
C:\Program Files (x86)\Hex 8.0.0\examples\randomise_ligand.mac=
C:\Program Files (x86)\Hex 8.0.0\examples\ribbons.mac=
C:\Program Files (x86)\Hex 8.0.0\examples\show_harmonics.mac=
C:\Program Files (x86)\Hex 8.0.0\examples\window_640_480.mac=
C:\Program Files (x86)\Hex 8.0.0\examples\wobble_ligand.mac=
C:\Program Files (x86)\Hex 8.0.0\examples\y45.col=
C:\Program Files (x86)\Hex 8.0.0\exe\hex8.0.0.exe=
C:\Program Files (x86)\Hex 8.0.0\exe\stride.exe=
C:\Program Files (x86)\Hex 8.0.0\pipes\grasp=
C:\Program Files (x86)\Hex 8.0.0\pipes\molscript=
C:\Program Files (x86)\Hex 8.0.0\pipes\test_pipe=

[AddReg]
HKEY_CURRENT_USER\Environment\'HEX_ROOT'=

[Shortcuts]
C:\Users\shaun\AppData\Roaming\Microsoft\Windows\Start Menu\Programs\Hex 8.0.0\Hex 8.0.0.lnk=
C:\Users\shaun\AppData\Roaming\Microsoft\Windows\Start Menu\Programs\Hex 8.0.0\Uninstall Hex 8.0.0.lnk=

